<?xml version="1.0" encoding="UTF-8"?>
<coverage generated="1754929014247" clover="3.2.0">
  <project timestamp="1754929014247" name="All files">
    <metrics statements="4" coveredstatements="4" conditionals="2" coveredconditionals="2" methods="1" coveredmethods="1" elements="7" coveredelements="7" complexity="0" loc="4" ncloc="4" packages="1" files="1" classes="1"/>
    <file name="truncate.ts" path="C:\Users\yang\Desktop\Jest单元测试\src\truncate.ts">
      <metrics statements="4" coveredstatements="4" conditionals="2" coveredconditionals="2" methods="1" coveredmethods="1"/>
      <line num="1" count="1" type="stmt"/>
      <line num="2" count="15" type="cond" truecount="1" falsecount="0"/>
      <line num="3" count="12" type="cond" truecount="1" falsecount="0"/>
      <line num="4" count="8" type="stmt"/>
    </file>
  </project>
</coverage>
