{"C:\\Users\\yang\\Desktop\\Jest单元测试\\src\\truncate.ts": {"path":"C:\\Users\\yang\\Desktop\\Jest单元测试\\src\\truncate.ts","statementMap":{"0":{"start":{"line":1,"column":0},"end":{"line":1,"column":16}},"1":{"start":{"line":2,"column":4},"end":{"line":2,"column":31}},"2":{"start":{"line":2,"column":21},"end":{"line":2,"column":31}},"3":{"start":{"line":3,"column":4},"end":{"line":3,"column":41}},"4":{"start":{"line":3,"column":30},"end":{"line":3,"column":41}},"5":{"start":{"line":4,"column":4},"end":{"line":4,"column":40}}},"fnMap":{"0":{"name":"truncate","decl":{"start":{"line":1,"column":16},"end":{"line":1,"column":24}},"loc":{"start":{"line":1,"column":52},"end":{"line":5,"column":1}}}},"branchMap":{"0":{"loc":{"start":{"line":2,"column":4},"end":{"line":2,"column":31}},"type":"if","locations":[{"start":{"line":2,"column":4},"end":{"line":2,"column":31}}]},"1":{"loc":{"start":{"line":3,"column":4},"end":{"line":3,"column":41}},"type":"if","locations":[{"start":{"line":3,"column":4},"end":{"line":3,"column":41}}]}},"s":{"0":1,"1":15,"2":3,"3":12,"4":4,"5":8},"f":{"0":15},"b":{"0":[3],"1":[4]}}
}
